<?xml version="1.0" encoding="UTF-8"?>
<!-- Generated by org.testng.reporters.JUnitXMLReporter -->
<testsuite ignored="0" hostname="BHUKRK329133L" failures="0" tests="3" name="Default test" time="0.066" errors="0" timestamp="2020-10-19T22:00:10 IST">
  <testcase classname="com.qa.java.Demo03_TestNG_Dependencies" name="login" time="0.01"/>
  <testcase classname="com.qa.java.Demo03_TestNG_Dependencies" name="dashboard" time="0.001"/>
  <testcase classname="com.qa.java.Demo03_TestNG_Dependencies" name="logout" time="0.002"/>
</testsuite> <!-- Default test -->
