<?xml version="1.0" encoding="UTF-8"?>
<testng-results ignored="0" total="3" passed="3" failed="0" skipped="0">
  <reporter-output>
  </reporter-output>
  <suite started-at="2020-10-19T22:00:10 IST" name="Default suite" finished-at="2020-10-19T22:00:10 IST" duration-ms="66">
    <groups>
    </groups>
    <test started-at="2020-10-19T22:00:10 IST" name="Default test" finished-at="2020-10-19T22:00:10 IST" duration-ms="66">
      <class name="com.qa.java.Demo03_TestNG_Dependencies">
        <test-method signature="login()[pri:0, instance:com.qa.java.Demo03_TestNG_Dependencies@50ee026]" started-at="2020-10-19T22:00:10 IST" name="login" finished-at="2020-10-19T22:00:10 IST" duration-ms="10" status="PASS">
          <reporter-output>
          </reporter-output>
        </test-method> <!-- login -->
        <test-method signature="dashboard()[pri:0, instance:com.qa.java.Demo03_TestNG_Dependencies@50ee026]" started-at="2020-10-19T22:00:10 IST" name="dashboard" finished-at="2020-10-19T22:00:10 IST" depends-on-methods="com.qa.java.Demo03_TestNG_Dependencies.login" duration-ms="1" status="PASS">
          <reporter-output>
          </reporter-output>
        </test-method> <!-- dashboard -->
        <test-method signature="logout()[pri:0, instance:com.qa.java.Demo03_TestNG_Dependencies@50ee026]" started-at="2020-10-19T22:00:10 IST" name="logout" finished-at="2020-10-19T22:00:10 IST" depends-on-methods="com.qa.java.Demo03_TestNG_Dependencies.dashboard" duration-ms="2" status="PASS">
          <reporter-output>
          </reporter-output>
        </test-method> <!-- logout -->
      </class> <!-- com.qa.java.Demo03_TestNG_Dependencies -->
    </test> <!-- Default test -->
  </suite> <!-- Default suite -->
</testng-results>
